[2017-11-07 03:20:00] main.ERROR: Error: Unable to connect to MySQL server! Error: Access denied for user 'cp4809_pricehub'@'localhost' (using password: YES) [] []
[2017-11-07 03:20:14] main.ERROR: Error: Unable to connect to MySQL server! Error: Access denied for user 'cp4809_pricehub'@'localhost' (using password: YES) [] []
[2017-11-07 03:20:26] main.ERROR: Error: Unable to connect to MySQL server! Error: Access denied for user 'cp4809_pricehub'@'localhost' (using password: YES) [] []
[2017-11-07 03:33:32] main.ERROR: Error: Unable to connect to MySQL server! Error: Access denied for user 'cp4809_pricehub'@'localhost' (using password: YES) [] []
[2017-11-07 03:37:15] main.ERROR: Error: Unknown column 'type' in 'field list' [] []
[2017-11-07 03:37:15] main.ERROR: Query: INSERT INTO `stores` (`userId`,`name`,`address`,`longitude`,`latitude`,`storeImage`) VALUES (1, 'Tim Hortons', '', '45.4661608', '-73.62511169999999', `name`='21740238_10208194016607994_646399040574180490_n.jpg', `type`='image/jpeg', `tmp_name`='D:\\XAMPP\\tmp\\php9312.tmp', `error`=0, `size`=42986) [] []
[2017-11-07 03:37:40] main.ERROR: Error: Unknown column 'type' in 'field list' [] []
[2017-11-07 03:37:40] main.ERROR: Query: INSERT INTO `stores` (`userId`,`name`,`address`,`longitude`,`latitude`,`storeImage`) VALUES (1, 'Tim Hortons', '', '45.466159399999995', '-73.62516169999999', `name`='21740238_10208194016607994_646399040574180490_n.jpg', `type`='image/jpeg', `tmp_name`='D:\\XAMPP\\tmp\\phpF79A.tmp', `error`=0, `size`=42986) [] []
[2017-11-07 05:11:49] main.ERROR: Error: Duplicate entry '' for key 'address' [] []
[2017-11-07 05:11:49] main.ERROR: Query: INSERT INTO `stores` (`userId`,`name`,`address`,`longitude`,`latitude`,`logoPath`) VALUES (1, 'Bodega', '', '45.466163900000005', '-73.6251766', '/uploads/21317974_1460520340732082_765673730978526055_n.jpg') [] []
[2017-11-07 18:17:59] main.ERROR: Error: Unable to connect to MySQL server! Error: Access denied for user 'cp4809_pricehub'@'localhost' (using password: YES) [] []
[2017-11-09 04:28:11] main.ERROR: Error: You have an error in your SQL syntax; check the manual that corresponds to your MariaDB server version for the right syntax to use near 'm'%'' at line 1 [] []
[2017-11-09 04:28:11] main.ERROR: Query: SELECT * FROM stores WHERE name LIKE ''m'%' [] []
[2017-11-09 04:28:11] main.ERROR: Error: You have an error in your SQL syntax; check the manual that corresponds to your MariaDB server version for the right syntax to use near 'm'%'' at line 1 [] []
[2017-11-09 04:28:11] main.ERROR: Query: SELECT * FROM stores WHERE name LIKE ''m'%' [] []
[2017-11-09 04:28:54] main.ERROR: Error: You have an error in your SQL syntax; check the manual that corresponds to your MariaDB server version for the right syntax to use near 'm'%'' at line 1 [] []
[2017-11-09 04:28:54] main.ERROR: Query: SELECT * FROM stores WHERE name LIKE ''m'%' [] []
[2017-11-09 04:33:44] main.ERROR: Error: You have an error in your SQL syntax; check the manual that corresponds to your MariaDB server version for the right syntax to use near 'n'%'' at line 1 [] []
[2017-11-09 04:33:44] main.ERROR: Query: SELECT * FROM stores WHERE name LIKE ''n'%' [] []
[2017-11-09 04:33:44] main.ERROR: Error: You have an error in your SQL syntax; check the manual that corresponds to your MariaDB server version for the right syntax to use near 'n'%'' at line 1 [] []
[2017-11-09 04:33:44] main.ERROR: Query: SELECT * FROM stores WHERE name LIKE ''n'%' [] []
[2017-11-09 04:35:04] main.ERROR: Error: You have an error in your SQL syntax; check the manual that corresponds to your MariaDB server version for the right syntax to use near 'r'%'' at line 1 [] []
[2017-11-09 04:35:04] main.ERROR: Query: SELECT * FROM stores WHERE name LIKE ''r'%' [] []
[2017-11-09 04:35:04] main.ERROR: Error: You have an error in your SQL syntax; check the manual that corresponds to your MariaDB server version for the right syntax to use near 'r'%'' at line 1 [] []
[2017-11-09 04:35:04] main.ERROR: Query: SELECT * FROM stores WHERE name LIKE ''r'%' [] []
[2017-11-09 04:35:06] main.ERROR: Error: You have an error in your SQL syntax; check the manual that corresponds to your MariaDB server version for the right syntax to use near 'r'%'' at line 1 [] []
[2017-11-09 04:35:06] main.ERROR: Query: SELECT * FROM stores WHERE name LIKE ''r'%' [] []
[2017-11-09 04:39:54] main.ERROR: Error: You have an error in your SQL syntax; check the manual that corresponds to your MariaDB server version for the right syntax to use near 'r'%'' at line 1 [] []
[2017-11-09 04:39:54] main.ERROR: Query: SELECT * FROM stores WHERE name LIKE ''r'%' [] []
[2017-11-09 04:39:54] main.ERROR: Error: You have an error in your SQL syntax; check the manual that corresponds to your MariaDB server version for the right syntax to use near 'r'%'' at line 1 [] []
[2017-11-09 04:39:54] main.ERROR: Query: SELECT * FROM stores WHERE name LIKE ''r'%' [] []
[2017-11-09 04:39:59] main.ERROR: Error: You have an error in your SQL syntax; check the manual that corresponds to your MariaDB server version for the right syntax to use near 'e'%'' at line 1 [] []
[2017-11-09 04:39:59] main.ERROR: Query: SELECT * FROM stores WHERE name LIKE ''e'%' [] []
[2017-11-09 04:44:03] main.ERROR: Error: You have an error in your SQL syntax; check the manual that corresponds to your MariaDB server version for the right syntax to use near 't'%'' at line 1 [] []
[2017-11-09 04:44:03] main.ERROR: Query: SELECT * FROM stores WHERE name LIKE ''t'%' [] []
[2017-11-09 04:44:03] main.ERROR: Error: You have an error in your SQL syntax; check the manual that corresponds to your MariaDB server version for the right syntax to use near 't'%'' at line 1 [] []
[2017-11-09 04:44:03] main.ERROR: Query: SELECT * FROM stores WHERE name LIKE ''t'%' [] []
[2017-11-09 04:50:03] main.ERROR: Error: You have an error in your SQL syntax; check the manual that corresponds to your MariaDB server version for the right syntax to use near 'r'%'' at line 1 [] []
[2017-11-09 04:50:03] main.ERROR: Query: SELECT * FROM stores WHERE name LIKE '%'r'%' [] []
[2017-11-09 04:50:04] main.ERROR: Error: You have an error in your SQL syntax; check the manual that corresponds to your MariaDB server version for the right syntax to use near 'r'%'' at line 1 [] []
[2017-11-09 04:50:04] main.ERROR: Query: SELECT * FROM stores WHERE name LIKE '%'r'%' [] []
[2017-11-09 04:50:07] main.ERROR: Error: You have an error in your SQL syntax; check the manual that corresponds to your MariaDB server version for the right syntax to use near 'r'%'' at line 1 [] []
[2017-11-09 04:50:07] main.ERROR: Query: SELECT * FROM stores WHERE name LIKE '%'r'%' [] []
[2017-11-09 19:37:48] main.ERROR: Error: Unknown column 'storeId' in 'where clause' [] []
[2017-11-09 19:37:48] main.ERROR: Query: SELECT count(*) FROM products WHERE storeId=10 [] []
[2017-11-09 22:57:59] main.ERROR: Error: Unable to connect to MySQL server! Error: Access denied for user 'cp4809_pricehub'@'localhost' (using password: YES) [] []
